0 verbose cli /usr/bin/node-18 /usr/bin/npm
1 info using npm@10.8.2
2 info using node@v18.20.8
3 silly config load:file:/usr/lib/nodejs18/lib/node_modules/npm/npmrc
4 silly config load:file:/home/ec2-user/vikas/workspace/Vikas/node-app/.npmrc
5 silly config load:file:/home/ec2-user/.npmrc
6 silly config load:file:/etc/npmrc
7 verbose title npm install
8 verbose argv "install"
9 verbose logfile logs-max:10 dir:/home/ec2-user/.npm/_logs/2025-07-04T13_29_48_827Z-
10 verbose logfile /home/ec2-user/.npm/_logs/2025-07-04T13_29_48_827Z-debug-0.log
11 silly packumentCache heap:2097414144 maxSize:524353536 maxEntrySize:262176768
12 silly logfile start cleaning logs, removing 1 files
13 silly logfile done cleaning log files
14 silly idealTree buildDeps
15 silly reify moves {}
16 silly audit bulk request {
16 silly audit   '@babel/code-frame': [ '7.16.7' ],
16 silly audit   '@babel/helper-validator-identifier': [ '7.16.7' ],
16 silly audit   '@babel/highlight': [ '7.17.12' ],
16 silly audit   'ansi-styles': [ '3.2.1', '4.3.0' ],
16 silly audit   chalk: [ '2.4.2', '4.1.2', '5.0.1' ],
16 silly audit   'color-convert': [ '1.9.3', '2.0.1' ],
16 silly audit   'color-name': [ '1.1.3', '1.1.4' ],
16 silly audit   'escape-string-regexp': [ '1.0.5', '4.0.0', '5.0.0' ],
16 silly audit   'has-flag': [ '3.0.0', '4.0.0' ],
16 silly audit   'supports-color': [ '5.5.0', '7.2.0', '9.2.2' ],
16 silly audit   '@csstools/selector-specificity': [ '2.0.2' ],
16 silly audit   '@eslint/eslintrc': [ '1.3.3' ],
16 silly audit   argparse: [ '2.0.1', '1.0.10' ],
16 silly audit   'js-yaml': [ '4.1.0', '3.14.1' ],
16 silly audit   '@humanwhocodes/config-array': [ '0.11.6' ],
16 silly audit   '@humanwhocodes/module-importer': [ '1.0.1' ],
16 silly audit   '@humanwhocodes/object-schema': [ '1.2.1' ],
16 silly audit   '@metalsmith/markdown': [ '1.6.0' ],
16 silly audit   '@metalsmith/permalinks': [ '2.4.1' ],
16 silly audit   '@nodelib/fs.scandir': [ '2.1.5' ],
16 silly audit   '@nodelib/fs.stat': [ '2.0.5' ],
16 silly audit   '@nodelib/fs.walk': [ '1.2.8' ],
16 silly audit   '@npmcli/config': [ '4.1.0' ],
16 silly audit   ini: [ '3.0.0', '1.3.8' ],
16 silly audit   '@npmcli/map-workspaces': [ '2.0.3' ],
16 silly audit   'brace-expansion': [ '2.0.1', '1.1.11' ],
16 silly audit   glob: [ '8.0.3', '7.2.3' ],
16 silly audit   minimatch: [ '5.1.0', '3.1.2' ],
16 silly audit   '@npmcli/name-from-folder': [ '1.0.1' ],
16 silly audit   '@types/concat-stream': [ '2.0.0' ],
16 silly audit   '@types/debug': [ '4.1.7' ],
16 silly audit   '@types/estree': [ '0.0.50' ],
16 silly audit   '@types/estree-jsx': [ '0.0.1' ],
16 silly audit   '@types/is-empty': [ '1.2.1' ],
16 silly audit   '@types/json5': [ '0.0.29' ],
16 silly audit   '@types/mdast': [ '3.0.10' ],
16 silly audit   '@types/minimist': [ '1.2.2' ],
16 silly audit   '@types/ms': [ '0.7.31' ],
16 silly audit   '@types/node': [ '18.0.0' ],
16 silly audit   '@types/normalize-package-data': [ '2.4.1' ],
16 silly audit   '@types/parse-json': [ '4.0.0' ],
16 silly audit   '@types/supports-color': [ '8.1.1' ],
16 silly audit   '@types/text-table': [ '0.2.2' ],
16 silly audit   '@types/unist': [ '2.0.6' ],
16 silly audit   '@yarnpkg/parsers': [ '3.0.0-rc.25' ],
16 silly audit   abbrev: [ '1.1.1' ],
16 silly audit   acorn: [ '8.8.0' ],
16 silly audit   'acorn-jsx': [ '5.3.2' ],
16 silly audit   after: [ '0.8.2' ],
16 silly audit   ajv: [ '6.12.6', '8.11.0' ],
16 silly audit   'ansi-regex': [ '5.0.1', '6.0.1' ],
16 silly audit   anymatch: [ '3.1.2' ],
16 silly audit   'array-differ': [ '1.0.0' ],
16 silly audit   'array-includes': [ '3.1.4' ],
16 silly audit   'array-union': [ '1.0.2', '2.1.0' ],
16 silly audit   'array-uniq': [ '1.0.3' ],
16 silly audit   'array.prototype.every': [ '1.1.3' ],
16 silly audit   'array.prototype.flat': [ '1.2.5' ],
16 silly audit   arrify: [ '1.0.1' ],
16 silly audit   asap: [ '2.0.6' ],
16 silly audit   'astral-regex': [ '2.0.0' ],
16 silly audit   'async-cache': [ '1.1.0' ],
16 silly audit   'lru-cache': [ '4.1.5', '6.0.0' ],
16 silly audit   yallist: [ '2.1.2', '4.0.0' ],
16 silly audit   autoprefixer: [ '10.4.13' ],
16 silly audit   'available-typed-arrays': [ '1.0.5' ],
16 silly audit   bail: [ '2.0.2' ],
16 silly audit   'balanced-match': [ '1.0.2', '2.0.0' ],
16 silly audit   'base64-js': [ '1.5.1' ],
16 silly audit   'binary-extensions': [ '2.2.0' ],
16 silly audit   bl: [ '3.0.1', '5.0.0' ],
16 silly audit   braces: [ '3.0.2' ],
16 silly audit   browserslist: [ '4.21.4' ],
16 silly audit   buffer: [ '6.0.3' ],
16 silly audit   'buffer-from': [ '0.1.2', '1.1.2' ],
16 silly audit   builtins: [ '4.0.0', '5.0.1' ],
16 silly audit   'call-bind': [ '1.0.2' ],
16 silly audit   callsites: [ '3.1.0' ],
16 silly audit   camelcase: [ '5.3.1', '7.0.0' ],
16 silly audit   'camelcase-keys': [ '6.2.2' ],
16 silly audit   'caniuse-lite': [ '1.0.30001427' ],
16 silly audit   ccount: [ '2.0.1' ],
16 silly audit   'character-entities': [ '1.2.4', '2.0.1' ],
16 silly audit   'character-entities-legacy': [ '1.1.4' ],
16 silly audit   'character-reference-invalid': [ '1.1.4' ],
16 silly audit   chokidar: [ '3.5.3' ],
16 silly audit   chownr: [ '2.0.0' ],
16 silly audit   cliui: [ '7.0.4' ],
16 silly audit   co: [ '3.1.0' ],
16 silly audit   colord: [ '2.9.3' ],
16 silly audit   commander: [ '6.2.1' ],
16 silly audit   'concat-map': [ '0.0.1' ],
16 silly audit   'concat-stream': [ '2.0.0' ],
16 silly audit   'core-util-is': [ '1.0.3' ],
16 silly audit   cosmiconfig: [ '7.1.0' ],
16 silly audit   'cross-env': [ '7.0.3' ],
16 silly audit   'cross-spawn': [ '7.0.3', '6.0.5' ],
16 silly audit   'css-functions-list': [ '3.1.0' ],
16 silly audit   cssesc: [ '3.0.0' ],
16 silly audit   debug: [ '4.3.4', '3.2.7', '2.6.9' ],
16 silly audit   decamelize: [ '1.2.0' ],
16 silly audit   'decamelize-keys': [ '1.1.0' ],
16 silly audit   'map-obj': [ '1.0.1', '4.3.0' ],
16 silly audit   'decode-named-character-reference': [ '1.0.1' ],
16 silly audit   'deep-equal': [ '2.0.5' ],
16 silly audit   'deep-is': [ '0.1.4' ],
16 silly audit   'define-properties': [ '1.1.4' ],
16 silly audit   defined: [ '1.0.0' ],
16 silly audit   dequal: [ '2.0.2' ],
16 silly audit   diff: [ '5.0.0' ],
16 silly audit   'dir-glob': [ '3.0.1' ],
16 silly audit   dlv: [ '1.1.3' ],
16 silly audit   doctrine: [ '3.0.0', '2.1.0' ],
16 silly audit   dotignore: [ '0.1.2' ],
16 silly audit   dset: [ '3.1.2' ],
16 silly audit   duplexer2: [ '0.0.2' ],
16 silly audit   isarray: [ '0.0.1', '2.0.5' ],
16 silly audit   'readable-stream': [ '1.1.14', '3.6.0', '1.0.34' ],
16 silly audit   string_decoder: [ '0.10.31', '1.3.0' ],
16 silly audit   eastasianwidth: [ '0.2.0' ],
16 silly audit   'electron-to-chromium': [ '1.4.262' ],
16 silly audit   'emoji-regex': [ '8.0.0', '9.2.2' ],
16 silly audit   'error-ex': [ '1.3.2' ],
16 silly audit   'es-abstract': [ '1.20.1' ],
16 silly audit   'es-get-iterator': [ '1.1.2' ],
16 silly audit   'es-to-primitive': [ '1.2.1' ],
16 silly audit   escalade: [ '3.1.1' ],
16 silly audit   eslint: [ '8.27.0' ],
16 silly audit   'eslint-config-prettier': [ '8.5.0' ],
16 silly audit   'eslint-config-standard': [ '17.0.0' ],
16 silly audit   'eslint-import-resolver-node': [ '0.3.6' ],
16 silly audit   'eslint-module-utils': [ '2.7.3' ],
16 silly audit   'eslint-plugin-es': [ '3.0.1', '4.1.0' ],
16 silly audit   'eslint-plugin-import': [ '2.26.0' ],
16 silly audit   ms: [ '2.0.0', '2.1.2' ],
16 silly audit   'eslint-plugin-markdown': [ '3.0.0' ],
16 silly audit   'eslint-plugin-n': [ '15.2.0' ],
16 silly audit   'eslint-utils': [ '2.1.0', '3.0.0' ],
16 silly audit   'eslint-visitor-keys': [ '1.3.0', '2.1.0', '3.3.0' ],
16 silly audit   semver: [ '6.3.0', '5.7.1', '7.3.8' ],
16 silly audit   'eslint-plugin-node': [ '11.1.0' ],
16 silly audit   'eslint-plugin-prettier': [ '4.2.1' ],
16 silly audit   'eslint-plugin-promise': [ '6.0.0' ],
16 silly audit   'eslint-scope': [ '7.1.1' ],
16 silly audit   'find-up': [ '5.0.0', '2.1.0', '4.1.0' ],
16 silly audit   'glob-parent': [ '6.0.2', '5.1.2' ],
16 silly audit   'locate-path': [ '6.0.0', '2.0.0', '5.0.0' ],
16 silly audit   'p-limit': [ '3.1.0', '1.3.0', '2.3.0' ],
16 silly audit   'p-locate': [ '5.0.0', '2.0.0', '4.1.0' ],
16 silly audit   'path-exists': [ '4.0.0', '3.0.0' ],
16 silly audit   espree: [ '9.4.0' ],
16 silly audit   esprima: [ '4.0.1' ],
16 silly audit   esquery: [ '1.4.0' ],
16 silly audit   esrecurse: [ '4.3.0' ],
16 silly audit   estraverse: [ '5.3.0' ],
16 silly audit   esutils: [ '2.0.3' ],
16 silly audit   extend: [ '3.0.2' ],
16 silly audit   'extend-shallow': [ '2.0.1' ],
16 silly audit   'fast-deep-equal': [ '3.1.3' ],
16 silly audit   'fast-diff': [ '1.2.0' ],
16 silly audit   'fast-glob': [ '3.2.12' ],
16 silly audit   'fast-json-stable-stringify': [ '2.1.0' ],
16 silly audit   'fast-levenshtein': [ '2.0.6' ],
16 silly audit   'fastest-levenshtein': [ '1.0.16' ],
16 silly audit   fastq: [ '1.13.0' ],
16 silly audit   fault: [ '2.0.1' ],
16 silly audit   fd: [ '0.0.3' ],
16 silly audit   'file-entry-cache': [ '6.0.1' ],
16 silly audit   'fill-keys': [ '1.0.2' ],
16 silly audit   'fill-range': [ '7.0.1' ],
16 silly audit   'flat-cache': [ '3.0.4' ],
16 silly audit   flatted: [ '3.2.4' ],
16 silly audit   'for-each': [ '0.3.3' ],
16 silly audit   foreach: [ '2.0.5' ],
16 silly audit   format: [ '0.2.2' ],
16 silly audit   'fraction.js': [ '4.2.0' ],
16 silly audit   'fs-extra': [ '10.1.0' ],
16 silly audit   'fs.realpath': [ '1.0.0' ],
16 silly audit   fsevents: [ '2.3.2' ],
16 silly audit   'function-bind': [ '1.1.1' ],
16 silly audit   'function.prototype.name': [ '1.1.5' ],
16 silly audit   'functions-have-names': [ '1.2.3' ],
16 silly audit   'get-caller-file': [ '2.0.5' ],
16 silly audit   'get-intrinsic': [ '1.1.1' ],
16 silly audit   'get-package-type': [ '0.1.0' ],
16 silly audit   'get-symbol-description': [ '1.0.0' ],
16 silly audit   'global-modules': [ '2.0.0' ],
16 silly audit   'global-prefix': [ '3.0.0' ],
16 silly audit   which: [ '1.3.1', '2.0.2' ],
16 silly audit   globals: [ '13.17.0' ],
16 silly audit   globby: [ '11.1.0' ],
16 silly audit   globjoin: [ '0.1.4' ],
16 silly audit   'graceful-fs': [ '4.2.10' ],
16 silly audit   'grapheme-splitter': [ '1.0.4' ],
16 silly audit   'gray-matter': [ '4.0.3' ],
16 silly audit   handlebars: [ '4.7.7' ],
16 silly audit   'hard-rejection': [ '2.1.0' ],
16 silly audit   has: [ '1.0.3' ],
16 silly audit   'has-bigints': [ '1.0.2' ],
16 silly audit   'has-dynamic-import': [ '2.0.1' ],
16 silly audit   'has-property-descriptors': [ '1.0.0' ],
16 silly audit   'has-symbols': [ '1.0.3' ],
16 silly audit   'has-tostringtag': [ '1.0.0' ],
16 silly audit   'hosted-git-info': [ '2.8.9', '4.0.2' ],
16 silly audit   'html-tags': [ '3.2.0' ],
16 silly audit   hyperquest: [ '2.1.3' ],
16 silly audit   ieee754: [ '1.2.1' ],
16 silly audit   ignore: [ '5.2.0' ],
16 silly audit   immutable: [ '4.0.0' ],
16 silly audit   'import-fresh': [ '3.3.0' ],
16 silly audit   'import-lazy': [ '4.0.0' ],
16 silly audit   'import-meta-resolve': [ '2.0.3' ],
16 silly audit   imurmurhash: [ '0.1.4' ],
16 silly audit   'indent-string': [ '4.0.0' ],
16 silly audit   'infer-owner': [ '1.0.4' ],
16 silly audit   inflight: [ '1.0.6' ],
16 silly audit   inherits: [ '2.0.4' ],
16 silly audit   'inputformat-to-jstransformer': [ '1.4.0' ],
16 silly audit   'internal-slot': [ '1.0.3' ],
16 silly audit   'is-alphabetical': [ '1.0.4' ],
16 silly audit   'is-alphanumerical': [ '1.0.4' ],
16 silly audit   'is-arguments': [ '1.1.1' ],
16 silly audit   'is-arrayish': [ '0.2.1' ],
16 silly audit   'is-bigint': [ '1.0.4' ],
16 silly audit   'is-binary-path': [ '2.1.0' ],
16 silly audit   'is-boolean-object': [ '1.1.2' ],
16 silly audit   'is-buffer': [ '2.0.5' ],
16 silly audit   'is-callable': [ '1.2.4' ],
16 silly audit   'is-core-module': [ '2.8.1' ],
16 silly audit   'is-date-object': [ '1.0.5' ],
16 silly audit   'is-decimal': [ '1.0.4' ],
16 silly audit   'is-empty': [ '1.2.0' ],
16 silly audit   'is-extendable': [ '0.1.1' ],
16 silly audit   'is-extglob': [ '2.1.1' ],
16 silly audit   'is-fullwidth-code-point': [ '3.0.0' ],
16 silly audit   'is-glob': [ '4.0.3' ],
16 silly audit   'is-hexadecimal': [ '1.0.4' ],
16 silly audit   'is-map': [ '2.0.2' ],
16 silly audit   'is-negative-zero': [ '2.0.2' ],
16 silly audit   'is-number': [ '7.0.0' ],
16 silly audit   'is-number-object': [ '1.0.6' ],
16 silly audit   'is-object': [ '1.0.2' ],
16 silly audit   'is-path-inside': [ '3.0.3' ],
16 silly audit   'is-plain-obj': [ '1.1.0', '4.1.0', '4.0.0' ],
16 silly audit   'is-plain-object': [ '5.0.0' ],
16 silly audit   'is-promise': [ '2.2.2' ],
16 silly audit   'is-regex': [ '1.1.4' ],
16 silly audit   'is-set': [ '2.0.2' ],
16 silly audit   'is-shared-array-buffer': [ '1.0.2' ],
16 silly audit   'is-string': [ '1.0.7' ],
16 silly audit   'is-symbol': [ '1.0.4' ],
16 silly audit   'is-typed-array': [ '1.1.8' ],
16 silly audit   'is-utf8': [ '0.2.1' ],
16 silly audit   'is-weakmap': [ '2.0.1' ],
16 silly audit   'is-weakref': [ '1.0.2' ],
16 silly audit   'is-weakset': [ '2.0.2' ],
16 silly audit   isexe: [ '2.0.0' ],
16 silly audit   jquery: [ '3.6.1' ],
16 silly audit   'jquery.fancytable': [ '1.0.32' ],
16 silly audit   'js-sdsl': [ '4.1.4' ],
16 silly audit   'js-tokens': [ '4.0.0' ],
16 silly audit   'json-parse-better-errors': [ '1.0.2' ],
16 silly audit   'json-parse-even-better-errors': [ '2.3.1' ],
16 silly audit   'json-schema-traverse': [ '0.4.1', '1.0.0' ],
16 silly audit   'json-stable-stringify-without-jsonify': [ '1.0.1' ],
16 silly audit   'json-stringify-safe': [ '5.0.1' ],
16 silly audit   json5: [ '1.0.1', '2.2.1' ],
16 silly audit   jsonfile: [ '6.1.0' ],
16 silly audit   jsonist: [ '2.1.2' ],
16 silly audit   jstransformer: [ '1.0.0' ],
16 silly audit   'jstransformer-handlebars': [ '1.2.0' ],
16 silly audit   junk: [ '3.1.0' ],
16 silly audit   'kind-of': [ '6.0.3' ],
16 silly audit   kleur: [ '4.1.4' ],
16 silly audit   'known-css-properties': [ '0.26.0' ],
16 silly audit   levn: [ '0.4.1' ],
16 silly audit   'lines-and-columns': [ '1.2.4', '2.0.3' ],
16 silly audit   'load-json-file': [ '4.0.0' ],
16 silly audit   'parse-json': [ '4.0.0', '5.2.0', '6.0.2' ],
16 silly audit   'load-plugin': [ '5.0.0' ],
16 silly audit   'lockfile-lint': [ '4.9.6' ],
16 silly audit   'lockfile-lint-api': [ '5.4.6' ],
16 silly audit   lodash: [ '4.17.21' ],
16 silly audit   'lodash.clonedeepwith': [ '4.5.0' ],
16 silly audit   'lodash.defaultsdeep': [ '4.6.1' ],
16 silly audit   'lodash.groupby': [ '4.6.0' ],
16 silly audit   'lodash.merge': [ '4.6.2' ],
16 silly audit   'lodash.truncate': [ '4.4.2' ],
16 silly audit   'longest-streak': [ '3.0.1' ],
16 silly audit   'markdown-table': [ '3.0.2' ],
16 silly audit   marked: [ '4.2.2' ],
16 silly audit   'mathml-tag-names': [ '2.1.3' ],
16 silly audit   'mdast-comment-marker': [ '2.1.0' ],
16 silly audit   'mdast-util-find-and-replace': [ '2.1.0' ],
16 silly audit   'mdast-util-from-markdown': [ '0.8.5', '1.2.0' ],
16 silly audit   'mdast-util-frontmatter': [ '1.0.0' ],
16 silly audit   'mdast-util-gfm': [ '2.0.0' ],
16 silly audit   'mdast-util-gfm-autolink-literal': [ '1.0.2' ],
16 silly audit   'mdast-util-gfm-footnote': [ '1.0.0' ],
16 silly audit   'mdast-util-gfm-strikethrough': [ '1.0.0' ],
16 silly audit   'mdast-util-gfm-table': [ '1.0.2' ],
16 silly audit   'mdast-util-gfm-task-list-item': [ '1.0.0' ],
16 silly audit   'mdast-util-heading-style': [ '2.0.0' ],
16 silly audit   'mdast-util-mdx-expression': [ '1.1.1' ],
16 silly audit   'mdast-util-to-markdown': [ '1.2.6' ],
16 silly audit   'mdast-util-to-string': [ '3.1.0', '2.0.0' ],
16 silly audit   memorystream: [ '0.3.1' ],
16 silly audit   meow: [ '9.0.0' ],
16 silly audit   'normalize-package-data': [ '3.0.3', '2.5.0' ],
16 silly audit   'type-fest': [ '0.18.1', '0.6.0', '0.8.1', '0.20.2' ],
16 silly audit   'merge-descriptors': [ '1.0.1' ],
16 silly audit   merge2: [ '1.4.1' ],
16 silly audit   metalsmith: [ '2.5.1' ],
16 silly audit   'metalsmith-collections': [ '0.9.0' ],
16 silly audit   'metalsmith-feed': [ '1.0.0' ],
16 silly audit   'metalsmith-layouts': [ '2.3.1' ],
16 silly audit   'metalsmith-one-replace': [ '0.1.7' ],
16 silly audit   'metalsmith-yearly-pagination': [ '4.0.2' ],
16 silly audit   micromark: [ '2.11.4', '3.0.10' ],
16 silly audit   'micromark-core-commonmark': [ '1.0.6' ],
16 silly audit   'micromark-extension-frontmatter': [ '1.0.0' ],
16 silly audit   'micromark-extension-gfm': [ '2.0.1' ],
16 silly audit   'micromark-extension-gfm-autolink-literal': [ '1.0.3' ],
16 silly audit   'micromark-extension-gfm-footnote': [ '1.0.3' ],
16 silly audit   'micromark-extension-gfm-strikethrough': [ '1.0.4' ],
16 silly audit   'micromark-extension-gfm-table': [ '1.0.5' ],
16 silly audit   'micromark-extension-gfm-tagfilter': [ '1.0.1' ],
16 silly audit   'micromark-extension-gfm-task-list-item': [ '1.0.3' ],
16 silly audit   'micromark-factory-destination': [ '1.0.0' ],
16 silly audit   'micromark-factory-label': [ '1.0.2' ],
16 silly audit   'micromark-factory-space': [ '1.0.0' ],
16 silly audit   'micromark-factory-title': [ '1.0.2' ],
16 silly audit   'micromark-factory-whitespace': [ '1.0.0' ],
16 silly audit   'micromark-util-character': [ '1.1.0' ],
16 silly audit   'micromark-util-chunked': [ '1.0.0' ],
16 silly audit   'micromark-util-classify-character': [ '1.0.0' ],
16 silly audit   'micromark-util-combine-extensions': [ '1.0.0' ],
16 silly audit   'micromark-util-decode-numeric-character-reference': [ '1.0.0' ],
16 silly audit   'micromark-util-decode-string': [ '1.0.2' ],
16 silly audit   'micromark-util-encode': [ '1.0.0' ],
16 silly audit   'micromark-util-html-tag-name': [ '1.0.0' ],
16 silly audit   'micromark-util-normalize-identifier': [ '1.0.0' ],
16 silly audit   'micromark-util-resolve-all': [ '1.0.0' ],
16 silly audit   'micromark-util-sanitize-uri': [ '1.0.0' ],
16 silly audit   'micromark-util-subtokenize': [ '1.0.2' ],
16 silly audit   'micromark-util-symbol': [ '1.0.1' ],
16 silly audit   'micromark-util-types': [ '1.0.2' ],
16 silly audit   micromatch: [ '4.0.5' ],
16 silly audit   mime: [ '2.6.0' ],
16 silly audit   'mime-db': [ '1.25.0' ],
16 silly audit   'mime-types': [ '2.1.13' ],
16 silly audit   'min-indent': [ '1.0.1' ],
16 silly audit   minimist: [ '1.2.6' ],
16 silly audit   'minimist-options': [ '4.1.0' ],
16 silly audit   mkdirp: [ '1.0.4' ],
16 silly audit   'mkdirp-infer-owner': [ '2.0.0' ],
16 silly audit   'module-not-found-error': [ '1.0.1' ],
16 silly audit   moment: [ '2.29.4' ],
16 silly audit   mri: [ '1.2.0' ],
16 silly audit   multimatch: [ '2.1.0' ],
16 silly audit   nanoid: [ '3.3.4' ],
16 silly audit   'natural-compare': [ '1.4.0' ],
16 silly audit   ncp: [ '2.0.0' ],
16 silly audit   negotiator: [ '0.6.2' ],
16 silly audit   'neo-async': [ '2.6.2' ],
16 silly audit   'nice-try': [ '1.0.5' ],
16 silly audit   nock: [ '13.2.9' ],
16 silly audit   'node-fetch': [ '2.6.7' ],
16 silly audit   'node-releases': [ '2.0.6' ],
16 silly audit   'node-version-data': [ '1.1.0' ],
16 silly audit   nopt: [ '5.0.0' ],
16 silly audit   'normalize-path': [ '3.0.0' ],
16 silly audit   'normalize-range': [ '0.1.2' ],
16 silly audit   'npm-normalize-package-bin': [ '1.0.1' ],
16 silly audit   'npm-run-all': [ '4.1.5' ],
16 silly audit   'path-key': [ '2.0.1', '3.1.1' ],
16 silly audit   'shebang-command': [ '1.2.0', '2.0.0' ],
16 silly audit   'shebang-regex': [ '1.0.0', '3.0.0' ],
16 silly audit   'object-hash': [ '3.0.0' ],
16 silly audit   'object-inspect': [ '1.12.2' ],
16 silly audit   'object-is': [ '1.1.5' ],
16 silly audit   'object-keys': [ '1.1.1' ],
16 silly audit   'object.assign': [ '4.1.4' ],
16 silly audit   'object.values': [ '1.1.5' ],
16 silly audit   once: [ '1.4.0' ],
16 silly audit   optionator: [ '0.9.1' ],
16 silly audit   'p-try': [ '1.0.0', '2.2.0' ],
16 silly audit   'parent-module': [ '1.0.1' ],
16 silly audit   'parse-entities': [ '2.0.0' ],
16 silly audit   'path-is-absolute': [ '1.0.1' ],
16 silly audit   'path-parse': [ '1.0.7' ],
16 silly audit   'path-type': [ '4.0.0', '3.0.0' ],
16 silly audit   picocolors: [ '1.0.0' ],
16 silly audit   picomatch: [ '2.3.1' ],
16 silly audit   pidtree: [ '0.3.1' ],
16 silly audit   pify: [ '3.0.0' ],
16 silly audit   pluralize: [ '8.0.0' ],
16 silly audit   postcss: [ '8.4.19' ],
16 silly audit   'postcss-media-query-parser': [ '0.2.3' ],
16 silly audit   'postcss-resolve-nested-selector': [ '0.1.1' ],
16 silly audit   'postcss-safe-parser': [ '6.0.0' ],
16 silly audit   'postcss-scss': [ '4.0.5' ],
16 silly audit   'postcss-selector-parser': [ '6.0.10' ],
16 silly audit   'postcss-sorting': [ '7.0.1' ],
16 silly audit   'postcss-value-parser': [ '4.2.0' ],
16 silly audit   'prelude-ls': [ '1.2.1' ],
16 silly audit   prettier: [ '2.7.1' ],
16 silly audit   'prettier-linter-helpers': [ '1.0.0' ],
16 silly audit   'proc-log': [ '2.0.1' ],
16 silly audit   promise: [ '7.3.1' ],
16 silly audit   propagate: [ '2.0.1' ],
16 silly audit   proxyquire: [ '2.1.3' ],
16 silly audit   pseudomap: [ '1.0.2' ],
16 silly audit   punycode: [ '2.1.1' ],
16 silly audit   'queue-microtask': [ '1.2.3' ],
16 silly audit   'quick-lru': [ '4.0.1' ],
16 silly audit   'read-metadata': [ '1.0.0' ],
16 silly audit   'read-package-json-fast': [ '2.0.3' ],
16 silly audit   'read-pkg': [ '3.0.0', '5.2.0' ],
16 silly audit   'read-pkg-up': [ '7.0.1' ],
16 silly audit   readdirp: [ '3.6.0' ],
16 silly audit   redent: [ '3.0.0' ],
16 silly audit   'regexp.prototype.flags': [ '1.4.3' ],
16 silly audit   regexparam: [ '2.0.1' ],
16 silly audit   regexpp: [ '3.2.0' ],
16 silly audit   remark: [ '14.0.2' ],
16 silly audit   'remark-cli': [ '11.0.0' ],
16 silly audit   'remark-frontmatter': [ '4.0.1' ],
16 silly audit   'remark-gfm': [ '3.0.1' ],
16 silly audit   'remark-lint': [ '9.1.1' ],
16 silly audit   'remark-lint-blockquote-indentation': [ '3.1.1' ],
16 silly audit   'remark-lint-checkbox-character-style': [ '4.1.1' ],
16 silly audit   'remark-lint-checkbox-content-indent': [ '4.1.1' ],
16 silly audit   'remark-lint-code-block-style': [ '3.1.0' ],
16 silly audit   'remark-lint-definition-spacing': [ '3.1.1' ],
16 silly audit   'remark-lint-fenced-code-flag': [ '3.1.1' ],
16 silly audit   'remark-lint-fenced-code-marker': [ '3.1.1' ],
16 silly audit   'remark-lint-file-extension': [ '2.1.1' ],
16 silly audit   'remark-lint-final-definition': [ '3.1.1' ],
16 silly audit   'remark-lint-final-newline': [ '2.1.1' ],
16 silly audit   'remark-lint-first-heading-level': [ '3.1.1' ],
16 silly audit   'remark-lint-hard-break-spaces': [ '3.1.1' ],
16 silly audit   'remark-lint-heading-style': [ '3.1.1' ],
16 silly audit   'remark-lint-list-item-bullet-indent': [ '4.1.1' ],
16 silly audit   'remark-lint-list-item-indent': [ '3.1.1' ],
16 silly audit   'remark-lint-maximum-line-length': [ '3.1.2' ],
16 silly audit   'remark-lint-no-blockquote-without-marker': [ '5.1.1' ],
16 silly audit   'remark-lint-no-consecutive-blank-lines': [ '4.1.2' ],
16 silly audit   'remark-lint-no-duplicate-definitions': [ '3.1.1' ],
16 silly audit   'unist-util-stringify-position': [ '3.0.0', '2.0.3', '3.0.2' ],
16 silly audit   'remark-lint-no-file-name-articles': [ '2.1.1' ],
16 silly audit   'remark-lint-no-file-name-consecutive-dashes': [ '2.1.1' ],
16 silly audit   'remark-lint-no-file-name-outer-dashes': [ '2.1.1' ],
16 silly audit   'remark-lint-no-heading-content-indent': [ '4.1.1' ],
16 silly audit   'remark-lint-no-heading-indent': [ '4.1.1' ],
16 silly audit   'remark-lint-no-inline-padding': [ '4.1.1' ],
16 silly audit   'remark-lint-no-literal-urls': [ '3.1.1' ],
16 silly audit   'remark-lint-no-multiple-toplevel-headings': [ '3.1.1' ],
16 silly audit   'remark-lint-no-shell-dollars': [ '3.1.1' ],
16 silly audit   'remark-lint-no-shortcut-reference-image': [ '3.1.1' ],
16 silly audit   'remark-lint-no-shortcut-reference-link': [ '3.1.1' ],
16 silly audit   'remark-lint-no-table-indentation': [ '4.1.1' ],
16 silly audit   'remark-lint-no-tabs': [ '3.1.1' ],
16 silly audit   'remark-lint-no-trailing-spaces': [ '2.0.1' ],
16 silly audit   'unified-lint-rule': [ '1.0.6', '2.1.1' ],
16 silly audit   'remark-lint-no-undefined-references': [ '4.1.1' ],
16 silly audit   'remark-lint-no-unused-definitions': [ '3.1.1' ],
16 silly audit   'remark-lint-ordered-list-marker-style': [ '3.1.1' ],
16 silly audit   'remark-lint-prohibited-strings': [ '3.1.0' ],
16 silly audit   'remark-lint-rule-style': [ '3.1.1' ],
16 silly audit   'remark-lint-strong-marker': [ '3.1.1' ],
16 silly audit   'remark-lint-table-cell-padding': [ '4.1.2' ],
16 silly audit   'remark-lint-table-pipes': [ '4.1.1' ],
16 silly audit   'remark-lint-unordered-list-marker-style': [ '3.1.1' ],
16 silly audit   'remark-message-control': [ '7.1.1' ],
16 silly audit   'remark-parse': [ '10.0.1' ],
16 silly audit   'remark-preset-lint-node': [ '3.3.1' ],
16 silly audit   'remark-preset-lint-recommended': [ '6.1.2' ],
16 silly audit   'remark-stringify': [ '10.0.2' ],
16 silly audit   'require-directory': [ '2.1.1' ],
16 silly audit   'require-from-string': [ '2.0.2' ],
16 silly audit   'require-one': [ '1.0.3' ],
16 silly audit   resolve: [ '1.22.0', '2.0.0-next.3' ],
16 silly audit   'resolve-from': [ '4.0.0', '5.0.0' ],
16 silly audit   resumer: [ '0.0.0' ],
16 silly audit   reusify: [ '1.0.4' ],
16 silly audit   rimraf: [ '3.0.2' ],
16 silly audit   rss: [ '1.2.2' ],
16 silly audit   'run-parallel': [ '1.2.0' ],
16 silly audit   sade: [ '1.7.4' ],
16 silly audit   'safe-buffer': [ '5.2.1' ],
16 silly audit   sass: [ '1.56.1' ],
16 silly audit   'section-matter': [ '1.0.0' ],
16 silly audit   'shell-quote': [ '1.7.3' ],
16 silly audit   'side-channel': [ '1.0.4' ],
16 silly audit   'signal-exit': [ '3.0.7' ],
16 silly audit   slash: [ '3.0.0' ],
16 silly audit   'slice-ansi': [ '4.0.0' ],
16 silly audit   sliced: [ '1.0.1' ],
16 silly audit   slugify: [ '1.6.5' ],
16 silly audit   'source-map': [ '0.6.1' ],
16 silly audit   'source-map-js': [ '1.0.2' ],
16 silly audit   'spdx-correct': [ '3.1.1' ],
16 silly audit   'spdx-exceptions': [ '2.3.0' ],
16 silly audit   'spdx-expression-parse': [ '3.0.1' ],
16 silly audit   'spdx-license-ids': [ '3.0.11' ],
16 silly audit   'sprintf-js': [ '1.0.3' ],
16 silly audit   st: [ '3.0.0' ],
16 silly audit   'stat-mode': [ '1.0.0' ],
16 silly audit   strftime: [ '0.10.1' ],
16 silly audit   'string-width': [ '4.2.3', '5.1.2' ],
16 silly audit   'string.prototype.padend': [ '3.1.3' ],
16 silly audit   'string.prototype.trim': [ '1.2.6' ],
16 silly audit   'string.prototype.trimend': [ '1.0.5' ],
16 silly audit   'string.prototype.trimstart': [ '1.0.5' ],
16 silly audit   'strip-ansi': [ '6.0.1', '7.0.1' ],
16 silly audit   'strip-bom': [ '3.0.0' ],
16 silly audit   'strip-bom-string': [ '1.0.0' ],
16 silly audit   'strip-indent': [ '3.0.0' ],
16 silly audit   'strip-json-comments': [ '3.1.1' ],
16 silly audit   'style-search': [ '0.1.0' ],
16 silly audit   stylelint: [ '14.15.0' ],
16 silly audit   'stylelint-config-recess-order': [ '3.0.0' ],
16 silly audit   'stylelint-config-recommended': [ '9.0.0' ],
16 silly audit   'stylelint-config-recommended-scss': [ '8.0.0' ],
16 silly audit   'stylelint-config-standard': [ '29.0.0' ],
16 silly audit   'stylelint-config-standard-scss': [ '6.1.0' ],
16 silly audit   'stylelint-config-twbs-bootstrap': [ '7.0.0' ],
16 silly audit   'stylelint-order': [ '5.0.0' ],
16 silly audit   'stylelint-scss': [ '4.3.0' ],
16 silly audit   'supports-hyperlinks': [ '2.3.0' ],
16 silly audit   'supports-preserve-symlinks-flag': [ '1.0.0' ],
16 silly audit   'svg-tags': [ '1.0.0' ],
16 silly audit   table: [ '6.8.1' ],
16 silly audit   tape: [ '5.6.1' ],
16 silly audit   'text-table': [ '0.2.0' ],
16 silly audit   through: [ '2.3.8' ],
16 silly audit   through2: [ '0.6.5' ],
16 silly audit   'to-regex-range': [ '5.0.1' ],
16 silly audit   'to-vfile': [ '7.2.3' ],
16 silly audit   totalist: [ '2.0.0' ],
16 silly audit   tr46: [ '0.0.3' ],
16 silly audit   'trim-newlines': [ '3.0.1' ],
16 silly audit   trough: [ '2.0.2' ],
16 silly audit   'tsconfig-paths': [ '3.14.1' ],
16 silly audit   tslib: [ '2.4.0' ],
16 silly audit   'type-check': [ '0.4.0' ],
16 silly audit   typedarray: [ '0.0.6' ],
16 silly audit   'uglify-js': [ '3.14.5' ],
16 silly audit   'unbox-primitive': [ '1.0.2' ],
16 silly audit   unified: [ '10.1.1' ],
16 silly audit   'unified-args': [ '10.0.0' ],
16 silly audit   'unified-engine': [ '10.0.1' ],
16 silly audit   yaml: [ '2.1.1', '1.10.2' ],
16 silly audit   'unified-message-control': [ '4.0.0' ],
16 silly audit   'unist-util-visit': [ '3.1.0', '4.1.0' ],
16 silly audit   uniq: [ '1.0.1' ],
16 silly audit   'unist-util-generated': [ '2.0.0' ],
16 silly audit   'unist-util-inspect': [ '7.0.0' ],
16 silly audit   'unist-util-is': [ '5.1.1' ],
16 silly audit   'unist-util-position': [ '4.0.1' ],
16 silly audit   'unist-util-visit-parents': [ '4.1.1', '5.1.0' ],
16 silly audit   universalify: [ '2.0.0' ],
16 silly audit   'update-browserslist-db': [ '1.0.9' ],
16 silly audit   'uri-js': [ '4.4.1' ],
16 silly audit   'util-deprecate': [ '1.0.2' ],
16 silly audit   uvu: [ '0.5.2' ],
16 silly audit   'v8-compile-cache': [ '2.3.0' ],
16 silly audit   'validate-npm-package-license': [ '3.0.4' ],
16 silly audit   vfile: [ '5.2.0' ],
16 silly audit   'vfile-location': [ '4.0.1' ],
16 silly audit   'vfile-message': [ '3.0.2' ],
16 silly audit   'vfile-reporter': [ '7.0.4' ],
16 silly audit   'vfile-sort': [ '3.0.0' ],
16 silly audit   'vfile-statistics': [ '2.0.0' ],
16 silly audit   'vnu-jar': [ '22.9.29' ],
16 silly audit   'walk-up-path': [ '1.0.0' ],
16 silly audit   ware: [ '1.3.0' ],
16 silly audit   'webidl-conversions': [ '3.0.1' ],
16 silly audit   'whatwg-url': [ '5.0.0' ],
16 silly audit   'which-boxed-primitive': [ '1.0.2' ],
16 silly audit   'which-collection': [ '1.0.1' ],
16 silly audit   'which-typed-array': [ '1.1.7' ],
16 silly audit   'word-wrap': [ '1.2.3' ],
16 silly audit   wordwrap: [ '1.0.0' ],
16 silly audit   'wrap-ansi': [ '7.0.0' ],
16 silly audit   'wrap-fn': [ '0.1.5' ],
16 silly audit   wrapped: [ '1.0.1' ],
16 silly audit   wrappy: [ '1.0.2' ],
16 silly audit   'write-file-atomic': [ '4.0.2' ],
16 silly audit   xml: [ '1.0.1' ],
16 silly audit   xtend: [ '4.0.2' ],
16 silly audit   y18n: [ '5.0.8' ],
16 silly audit   'yaml-js': [ '0.0.8' ],
16 silly audit   yargs: [ '16.2.0' ],
16 silly audit   'yargs-parser': [ '20.2.9' ],
16 silly audit   'yocto-queue': [ '0.1.0' ],
16 silly audit   zwitch: [ '2.0.2' ]
16 silly audit }
17 verbose reify failed optional dependency /home/ec2-user/vikas/workspace/Vikas/node-app/node_modules/fsevents
18 silly reify mark deleted [
18 silly reify   '/home/ec2-user/vikas/workspace/Vikas/node-app/node_modules/fsevents'
18 silly reify ]
19 http fetch POST 200 https://registry.npmjs.org/-/npm/v1/security/advisories/bulk 658ms
20 silly audit report {
20 silly audit report   'brace-expansion': [
20 silly audit report     {
20 silly audit report       id: 1105443,
20 silly audit report       url: 'https://github.com/advisories/GHSA-v6h2-p8h4-qcjw',
20 silly audit report       title: 'brace-expansion Regular Expression Denial of Service vulnerability',
20 silly audit report       severity: 'low',
20 silly audit report       vulnerable_versions: '>=1.0.0 <=1.1.11',
20 silly audit report       cwe: [Array],
20 silly audit report       cvss: [Object]
20 silly audit report     },
20 silly audit report     {
20 silly audit report       id: 1105444,
20 silly audit report       url: 'https://github.com/advisories/GHSA-v6h2-p8h4-qcjw',
20 silly audit report       title: 'brace-expansion Regular Expression Denial of Service vulnerability',
20 silly audit report       severity: 'low',
20 silly audit report       vulnerable_versions: '>=2.0.0 <=2.0.1',
20 silly audit report       cwe: [Array],
20 silly audit report       cvss: [Object]
20 silly audit report     }
20 silly audit report   ],
20 silly audit report   braces: [
20 silly audit report     {
20 silly audit report       id: 1098094,
20 silly audit report       url: 'https://github.com/advisories/GHSA-grv7-fg5c-xmjg',
20 silly audit report       title: 'Uncontrolled resource consumption in braces',
20 silly audit report       severity: 'high',
20 silly audit report       vulnerable_versions: '<3.0.3',
20 silly audit report       cwe: [Array],
20 silly audit report       cvss: [Object]
20 silly audit report     }
20 silly audit report   ],
20 silly audit report   'cross-spawn': [
20 silly audit report     {
20 silly audit report       id: 1104663,
20 silly audit report       url: 'https://github.com/advisories/GHSA-3xgq-45jj-v275',
20 silly audit report       title: 'Regular Expression Denial of Service (ReDoS) in cross-spawn',
20 silly audit report       severity: 'high',
20 silly audit report       vulnerable_versions: '<6.0.6',
20 silly audit report       cwe: [Array],
20 silly audit report       cvss: [Object]
20 silly audit report     },
20 silly audit report     {
20 silly audit report       id: 1104664,
20 silly audit report       url: 'https://github.com/advisories/GHSA-3xgq-45jj-v275',
20 silly audit report       title: 'Regular Expression Denial of Service (ReDoS) in cross-spawn',
20 silly audit report       severity: 'high',
20 silly audit report       vulnerable_versions: '>=7.0.0 <7.0.5',
20 silly audit report       cwe: [Array],
20 silly audit report       cvss: [Object]
20 silly audit report     }
20 silly audit report   ],
20 silly audit report   dset: [
20 silly audit report     {
20 silly audit report       id: 1099553,
20 silly audit report       url: 'https://github.com/advisories/GHSA-f6v4-cf5j-vf3w',
20 silly audit report       title: 'dset Prototype Pollution vulnerability',
20 silly audit report       severity: 'high',
20 silly audit report       vulnerable_versions: '<3.1.4',
20 silly audit report       cwe: [Array],
20 silly audit report       cvss: [Object]
20 silly audit report     }
20 silly audit report   ],
20 silly audit report   semver: [
20 silly audit report     {
20 silly audit report       id: 1101088,
20 silly audit report       url: 'https://github.com/advisories/GHSA-c2qf-rxjj-qqgw',
20 silly audit report       title: 'semver vulnerable to Regular Expression Denial of Service',
20 silly audit report       severity: 'high',
20 silly audit report       vulnerable_versions: '>=7.0.0 <7.5.2',
20 silly audit report       cwe: [Array],
20 silly audit report       cvss: [Object]
20 silly audit report     },
20 silly audit report     {
20 silly audit report       id: 1101089,
20 silly audit report       url: 'https://github.com/advisories/GHSA-c2qf-rxjj-qqgw',
20 silly audit report       title: 'semver vulnerable to Regular Expression Denial of Service',
20 silly audit report       severity: 'high',
20 silly audit report       vulnerable_versions: '<5.7.2',
20 silly audit report       cwe: [Array],
20 silly audit report       cvss: [Object]
20 silly audit report     },
20 silly audit report     {
20 silly audit report       id: 1101090,
20 silly audit report       url: 'https://github.com/advisories/GHSA-c2qf-rxjj-qqgw',
20 silly audit report       title: 'semver vulnerable to Regular Expression Denial of Service',
20 silly audit report       severity: 'high',
20 silly audit report       vulnerable_versions: '>=6.0.0 <6.3.1',
20 silly audit report       cwe: [Array],
20 silly audit report       cvss: [Object]
20 silly audit report     }
20 silly audit report   ],
20 silly audit report   json5: [
20 silly audit report     {
20 silly audit report       id: 1096543,
20 silly audit report       url: 'https://github.com/advisories/GHSA-9c47-m6qq-7p4h',
20 silly audit report       title: 'Prototype Pollution in JSON5 via Parse Method',
20 silly audit report       severity: 'high',
20 silly audit report       vulnerable_versions: '<1.0.2',
20 silly audit report       cwe: [Array],
20 silly audit report       cvss: [Object]
20 silly audit report     },
20 silly audit report     {
20 silly audit report       id: 1096544,
20 silly audit report       url: 'https://github.com/advisories/GHSA-9c47-m6qq-7p4h',
20 silly audit report       title: 'Prototype Pollution in JSON5 via Parse Method',
20 silly audit report       severity: 'high',
20 silly audit report       vulnerable_versions: '>=2.0.0 <2.2.2',
20 silly audit report       cwe: [Array],
20 silly audit report       cvss: [Object]
20 silly audit report     }
20 silly audit report   ],
20 silly audit report   'lockfile-lint-api': [
20 silly audit report     {
20 silly audit report       id: 1104586,
20 silly audit report       url: 'https://github.com/advisories/GHSA-7cfr-5cjf-32p4',
20 silly audit report       title: 'lockfile-lint-api Vulnerable to Incorrect Behavior Order',
20 silly audit report       severity: 'moderate',
20 silly audit report       vulnerable_versions: '<5.9.2',
20 silly audit report       cwe: [Array],
20 silly audit report       cvss: [Object]
20 silly audit report     }
20 silly audit report   ],
20 silly audit report   micromatch: [
20 silly audit report     {
20 silly audit report       id: 1098681,
20 silly audit report       url: 'https://github.com/advisories/GHSA-952p-6rrq-rcjv',
20 silly audit report       title: 'Regular Expression Denial of Service (ReDoS) in micromatch',
20 silly audit report       severity: 'moderate',
20 silly audit report       vulnerable_versions: '<4.0.8',
20 silly audit report       cwe: [Array],
20 silly audit report       cvss: [Object]
20 silly audit report     }
20 silly audit report   ],
20 silly audit report   nanoid: [
20 silly audit report     {
20 silly audit report       id: 1101163,
20 silly audit report       url: 'https://github.com/advisories/GHSA-mwcw-c2x4-8c55',
20 silly audit report       title: 'Predictable results in nanoid generation when given non-integer values',
20 silly audit report       severity: 'moderate',
20 silly audit report       vulnerable_versions: '<3.3.8',
20 silly audit report       cwe: [Array],
20 silly audit report       cvss: [Object]
20 silly audit report     }
20 silly audit report   ],
20 silly audit report   postcss: [
20 silly audit report     {
20 silly audit report       id: 1094544,
20 silly audit report       url: 'https://github.com/advisories/GHSA-7fh5-64p2-3v2j',
20 silly audit report       title: 'PostCSS line return parsing error',
20 silly audit report       severity: 'moderate',
20 silly audit report       vulnerable_versions: '<8.4.31',
20 silly audit report       cwe: [Array],
20 silly audit report       cvss: [Object]
20 silly audit report     }
20 silly audit report   ],
20 silly audit report   yaml: [
20 silly audit report     {
20 silly audit report       id: 1094785,
20 silly audit report       url: 'https://github.com/advisories/GHSA-f9xv-q969-pqx4',
20 silly audit report       title: 'Uncaught Exception in yaml',
20 silly audit report       severity: 'high',
20 silly audit report       vulnerable_versions: '>=2.0.0-5 <2.2.2',
20 silly audit report       cwe: [Array],
20 silly audit report       cvss: [Object]
20 silly audit report     }
20 silly audit report   ],
20 silly audit report   'word-wrap': [
20 silly audit report     {
20 silly audit report       id: 1102444,
20 silly audit report       url: 'https://github.com/advisories/GHSA-j8xg-fqg3-53r7',
20 silly audit report       title: 'word-wrap vulnerable to Regular Expression Denial of Service',
20 silly audit report       severity: 'moderate',
20 silly audit report       vulnerable_versions: '<1.2.4',
20 silly audit report       cwe: [Array],
20 silly audit report       cvss: [Object]
20 silly audit report     }
20 silly audit report   ]
20 silly audit report }
21 silly packumentCache corgi:https://registry.npmjs.org/brace-expansion cache-miss
22 silly packumentCache corgi:https://registry.npmjs.org/braces cache-miss
23 silly packumentCache corgi:https://registry.npmjs.org/cross-spawn cache-miss
24 silly packumentCache corgi:https://registry.npmjs.org/dset cache-miss
25 silly packumentCache corgi:https://registry.npmjs.org/semver cache-miss
26 silly packumentCache corgi:https://registry.npmjs.org/json5 cache-miss
27 silly packumentCache corgi:https://registry.npmjs.org/lockfile-lint-api cache-miss
28 silly packumentCache corgi:https://registry.npmjs.org/micromatch cache-miss
29 silly packumentCache corgi:https://registry.npmjs.org/nanoid cache-miss
30 silly packumentCache corgi:https://registry.npmjs.org/postcss cache-miss
31 silly packumentCache corgi:https://registry.npmjs.org/yaml cache-miss
32 silly packumentCache corgi:https://registry.npmjs.org/word-wrap cache-miss
33 http fetch GET 200 https://registry.npmjs.org/brace-expansion 140ms (cache revalidated)
34 silly packumentCache corgi:https://registry.npmjs.org/brace-expansion set size:16192 disposed:false
35 http fetch GET 200 https://registry.npmjs.org/cross-spawn 151ms (cache revalidated)
36 silly packumentCache corgi:https://registry.npmjs.org/cross-spawn set size:44626 disposed:false
37 http fetch GET 200 https://registry.npmjs.org/semver 151ms (cache revalidated)
38 silly packumentCache corgi:https://registry.npmjs.org/semver set size:94787 disposed:false
39 http fetch GET 200 https://registry.npmjs.org/braces 158ms (cache revalidated)
40 silly packumentCache corgi:https://registry.npmjs.org/braces set size:35919 disposed:false
41 http fetch GET 200 https://registry.npmjs.org/json5 156ms (cache revalidated)
42 silly packumentCache corgi:https://registry.npmjs.org/json5 set size:37495 disposed:false
43 http fetch GET 200 https://registry.npmjs.org/dset 162ms (cache revalidated)
44 silly packumentCache corgi:https://registry.npmjs.org/dset set size:14220 disposed:false
45 http fetch GET 200 https://registry.npmjs.org/postcss 164ms (cache revalidated)
46 silly packumentCache corgi:https://registry.npmjs.org/postcss set size:337129 disposed:false
47 http fetch GET 200 https://registry.npmjs.org/lockfile-lint-api 173ms (cache revalidated)
48 silly packumentCache corgi:https://registry.npmjs.org/lockfile-lint-api set size:110572 disposed:false
49 http fetch GET 200 https://registry.npmjs.org/nanoid 175ms (cache revalidated)
50 silly packumentCache corgi:https://registry.npmjs.org/nanoid set size:143800 disposed:false
51 http fetch GET 200 https://registry.npmjs.org/word-wrap 180ms (cache revalidated)
52 silly packumentCache corgi:https://registry.npmjs.org/word-wrap set size:9507 disposed:false
53 http fetch GET 200 https://registry.npmjs.org/micromatch 185ms (cache revalidated)
54 silly packumentCache corgi:https://registry.npmjs.org/micromatch set size:71776 disposed:false
55 http fetch GET 200 https://registry.npmjs.org/yaml 184ms (cache revalidated)
56 silly packumentCache corgi:https://registry.npmjs.org/yaml set size:155197 disposed:false
57 silly packumentCache corgi:https://registry.npmjs.org/minimatch cache-miss
58 http fetch GET 200 https://registry.npmjs.org/minimatch 37ms (cache revalidated)
59 silly packumentCache corgi:https://registry.npmjs.org/minimatch set size:143741 disposed:false
60 silly packumentCache corgi:https://registry.npmjs.org/chokidar cache-miss
61 http fetch GET 200 https://registry.npmjs.org/chokidar 27ms (cache revalidated)
62 silly packumentCache corgi:https://registry.npmjs.org/chokidar set size:118541 disposed:false
63 silly packumentCache corgi:https://registry.npmjs.org/npm-run-all cache-miss
64 http fetch GET 200 https://registry.npmjs.org/npm-run-all 26ms (cache revalidated)
65 silly packumentCache corgi:https://registry.npmjs.org/npm-run-all set size:61263 disposed:false
66 silly packumentCache corgi:https://registry.npmjs.org/cross-env cache-miss
67 silly packumentCache corgi:https://registry.npmjs.org/eslint cache-miss
68 silly packumentCache corgi:https://registry.npmjs.org/metalsmith cache-miss
69 http fetch GET 200 https://registry.npmjs.org/eslint 39ms (cache revalidated)
70 silly packumentCache corgi:https://registry.npmjs.org/eslint set size:1070043 disposed:false
71 http fetch GET 200 https://registry.npmjs.org/cross-env 60ms (cache revalidated)
72 silly packumentCache corgi:https://registry.npmjs.org/cross-env set size:56537 disposed:false
73 http fetch GET 200 https://registry.npmjs.org/metalsmith 330ms (cache revalidated)
74 silly packumentCache corgi:https://registry.npmjs.org/metalsmith set size:57452 disposed:false
75 silly packumentCache corgi:https://registry.npmjs.org/@metalsmith%2fmarkdown cache-miss
76 http fetch GET 200 https://registry.npmjs.org/@metalsmith%2fmarkdown 698ms (cache revalidated)
77 silly packumentCache corgi:https://registry.npmjs.org/@metalsmith%2fmarkdown set size:15903 disposed:false
78 silly packumentCache corgi:https://registry.npmjs.org/@npmcli%2fconfig cache-miss
79 silly packumentCache corgi:https://registry.npmjs.org/builtins cache-miss
80 silly packumentCache corgi:https://registry.npmjs.org/normalize-package-data cache-miss
81 silly packumentCache corgi:https://registry.npmjs.org/remark-preset-lint-node cache-miss
82 http fetch GET 200 https://registry.npmjs.org/builtins 122ms (cache revalidated)
83 silly packumentCache corgi:https://registry.npmjs.org/builtins set size:17913 disposed:false
84 http fetch GET 200 https://registry.npmjs.org/normalize-package-data 134ms (cache revalidated)
85 silly packumentCache corgi:https://registry.npmjs.org/normalize-package-data set size:52534 disposed:false
86 http fetch GET 200 https://registry.npmjs.org/@npmcli%2fconfig 153ms (cache revalidated)
87 silly packumentCache corgi:https://registry.npmjs.org/@npmcli%2fconfig set size:109897 disposed:false
88 http fetch GET 200 https://registry.npmjs.org/remark-preset-lint-node 238ms (cache revalidated)
89 silly packumentCache corgi:https://registry.npmjs.org/remark-preset-lint-node set size:140329 disposed:false
90 silly packumentCache corgi:https://registry.npmjs.org/eslint-plugin-n cache-miss
91 silly packumentCache corgi:https://registry.npmjs.org/eslint-plugin-node cache-miss
92 silly packumentCache corgi:https://registry.npmjs.org/node-version-data cache-miss
93 http fetch GET 200 https://registry.npmjs.org/eslint-plugin-n 75ms (cache revalidated)
94 silly packumentCache corgi:https://registry.npmjs.org/eslint-plugin-n set size:135054 disposed:false
95 http fetch GET 200 https://registry.npmjs.org/eslint-plugin-node 110ms (cache revalidated)
96 silly packumentCache corgi:https://registry.npmjs.org/eslint-plugin-node set size:65154 disposed:false
97 http fetch GET 200 https://registry.npmjs.org/node-version-data 402ms (cache revalidated)
98 silly packumentCache corgi:https://registry.npmjs.org/node-version-data set size:2758 disposed:false
99 silly packumentCache corgi:https://registry.npmjs.org/tsconfig-paths cache-miss
100 http fetch GET 200 https://registry.npmjs.org/tsconfig-paths 142ms (cache revalidated)
101 silly packumentCache corgi:https://registry.npmjs.org/tsconfig-paths set size:71035 disposed:false
102 silly packumentCache corgi:https://registry.npmjs.org/unified-args cache-miss
103 http fetch GET 200 https://registry.npmjs.org/unified-args 54ms (cache revalidated)
104 silly packumentCache corgi:https://registry.npmjs.org/unified-args set size:30721 disposed:false
105 silly packumentCache corgi:https://registry.npmjs.org/lockfile-lint cache-miss
106 http fetch GET 200 https://registry.npmjs.org/lockfile-lint 340ms (cache revalidated)
107 silly packumentCache corgi:https://registry.npmjs.org/lockfile-lint set size:152578 disposed:false
108 silly packumentCache corgi:https://registry.npmjs.org/fast-glob cache-miss
109 silly packumentCache corgi:https://registry.npmjs.org/stylelint cache-miss
110 http fetch GET 200 https://registry.npmjs.org/fast-glob 106ms (cache revalidated)
111 silly packumentCache corgi:https://registry.npmjs.org/fast-glob set size:86036 disposed:false
112 http fetch GET 200 https://registry.npmjs.org/stylelint 121ms (cache revalidated)
113 silly packumentCache corgi:https://registry.npmjs.org/stylelint set size:615982 disposed:false
114 silly packumentCache corgi:https://registry.npmjs.org/@csstools%2fselector-specificity cache-miss
115 silly packumentCache corgi:https://registry.npmjs.org/autoprefixer cache-miss
116 silly packumentCache corgi:https://registry.npmjs.org/postcss-safe-parser cache-miss
117 silly packumentCache corgi:https://registry.npmjs.org/postcss-scss cache-miss
118 silly packumentCache corgi:https://registry.npmjs.org/postcss-sorting cache-miss
119 silly packumentCache corgi:https://registry.npmjs.org/stylelint-config-recommended-scss cache-miss
120 silly packumentCache corgi:https://registry.npmjs.org/stylelint-config-standard-scss cache-miss
121 silly packumentCache corgi:https://registry.npmjs.org/stylelint-order cache-miss
122 http fetch GET 200 https://registry.npmjs.org/@csstools%2fselector-specificity 127ms (cache revalidated)
123 silly packumentCache corgi:https://registry.npmjs.org/@csstools%2fselector-specificity set size:19008 disposed:false
124 http fetch GET 200 https://registry.npmjs.org/autoprefixer 127ms (cache revalidated)
125 silly packumentCache corgi:https://registry.npmjs.org/autoprefixer set size:291410 disposed:false
126 http fetch GET 200 https://registry.npmjs.org/postcss-safe-parser 129ms (cache revalidated)
127 silly packumentCache corgi:https://registry.npmjs.org/postcss-safe-parser set size:26187 disposed:false
128 http fetch GET 200 https://registry.npmjs.org/postcss-scss 129ms (cache revalidated)
129 silly packumentCache corgi:https://registry.npmjs.org/postcss-scss set size:46976 disposed:false
130 http fetch GET 200 https://registry.npmjs.org/stylelint-config-recommended-scss 128ms (cache revalidated)
131 silly packumentCache corgi:https://registry.npmjs.org/stylelint-config-recommended-scss set size:42815 disposed:false
132 http fetch GET 200 https://registry.npmjs.org/stylelint-config-standard-scss 130ms (cache revalidated)
133 silly packumentCache corgi:https://registry.npmjs.org/stylelint-config-standard-scss set size:37320 disposed:false
134 http fetch GET 200 https://registry.npmjs.org/stylelint-order 135ms (cache revalidated)
135 silly packumentCache corgi:https://registry.npmjs.org/stylelint-order set size:43352 disposed:false
136 http fetch GET 200 https://registry.npmjs.org/postcss-sorting 145ms (cache revalidated)
137 silly packumentCache corgi:https://registry.npmjs.org/postcss-sorting set size:35433 disposed:false
138 silly packumentCache corgi:https://registry.npmjs.org/unified-engine cache-miss
139 http fetch GET 200 https://registry.npmjs.org/unified-engine 73ms (cache revalidated)
140 silly packumentCache corgi:https://registry.npmjs.org/unified-engine set size:74476 disposed:false
141 silly packumentCache corgi:https://registry.npmjs.org/optionator cache-miss
142 http fetch GET 200 https://registry.npmjs.org/optionator 30ms (cache revalidated)
143 silly packumentCache corgi:https://registry.npmjs.org/optionator set size:17570 disposed:false
144 silly ADD
145 verbose cwd /home/ec2-user/vikas/workspace/Vikas/node-app
146 verbose os Linux 6.1.141-155.222.amzn2023.x86_64
147 verbose node v18.20.8
148 verbose npm  v10.8.2
149 verbose exit 0
150 info ok
